Aug-15 15:25:51.870 [main] DEBUG nextflow.cli.Launcher - $> nextflow run main.nf -profile dgx,singularity --input /home/cdcadmin/Downloads/NG_Thailand_FASTQ/subset/subset.csv --outdir /home/cdcadmin/Downloads/NG_Thailand_FASTQ/subset/results --only_fastq -resume
Aug-15 15:25:51.966 [main] DEBUG nextflow.cli.CmdRun - N E X T F L O W  ~  version 24.04.3
Aug-15 15:25:51.983 [main] DEBUG nextflow.plugin.PluginsFacade - Setting up plugin manager > mode=prod; embedded=false; plugins-dir=/home/cdcadmin/.nextflow/plugins; core-plugins: nf-amazon@2.5.2,nf-azure@1.6.0,nf-cloudcache@0.4.1,nf-codecommit@0.2.0,nf-console@1.1.3,nf-ga4gh@1.3.0,nf-google@1.13.2-patch1,nf-tower@1.9.1,nf-wave@1.4.2
Aug-15 15:25:51.992 [main] INFO  o.pf4j.DefaultPluginStatusProvider - Enabled plugins: []
Aug-15 15:25:51.993 [main] INFO  o.pf4j.DefaultPluginStatusProvider - Disabled plugins: []
Aug-15 15:25:51.996 [main] INFO  org.pf4j.DefaultPluginManager - PF4J version 3.10.0 in 'deployment' mode
Aug-15 15:25:52.007 [main] INFO  org.pf4j.AbstractPluginManager - No plugins
Aug-15 15:25:52.028 [main] DEBUG nextflow.config.ConfigBuilder - Found config local: /home/cdcadmin/neissflow/nextflow.config
Aug-15 15:25:52.030 [main] DEBUG nextflow.config.ConfigBuilder - Parsing config file: /home/cdcadmin/neissflow/nextflow.config
Aug-15 15:25:52.053 [main] DEBUG n.secret.LocalSecretsProvider - Secrets store: /home/cdcadmin/.nextflow/secrets/store.json
Aug-15 15:25:52.055 [main] DEBUG nextflow.secret.SecretsLoader - Discovered secrets providers: [nextflow.secret.LocalSecretsProvider@389562d6] - activable => nextflow.secret.LocalSecretsProvider@389562d6
Aug-15 15:25:52.067 [main] DEBUG nextflow.config.ConfigBuilder - Applying config profile: `dgx,singularity`
Aug-15 15:25:53.412 [main] DEBUG nextflow.config.ConfigBuilder - Available config profiles: [all, test_fasta, highmem, QC, debug, test, dgx, short, singularity, test_both]
Aug-15 15:25:53.461 [main] DEBUG nextflow.cli.CmdRun - Applied DSL=2 from script declaration
Aug-15 15:25:53.477 [main] DEBUG nextflow.cli.CmdRun - Launching `main.nf` [elegant_shirley] DSL2 - revision: 93f13dad4b
Aug-15 15:25:53.478 [main] DEBUG nextflow.plugin.PluginsFacade - Plugins default=[]
Aug-15 15:25:53.478 [main] DEBUG nextflow.plugin.PluginsFacade - Plugins resolved requirement=[]
Aug-15 15:25:53.538 [main] DEBUG nextflow.Session - Session UUID: d891e495-16f1-46d4-935f-22ab18ec1321
Aug-15 15:25:53.538 [main] DEBUG nextflow.Session - Run name: elegant_shirley
Aug-15 15:25:53.538 [main] DEBUG nextflow.Session - Executor pool size: 128
Aug-15 15:25:53.544 [main] DEBUG nextflow.file.FilePorter - File porter settings maxRetries=3; maxTransfers=50; pollTimeout=null
Aug-15 15:25:53.549 [main] DEBUG nextflow.util.ThreadPoolBuilder - Creating thread pool 'FileTransfer' minSize=10; maxSize=384; workQueue=LinkedBlockingQueue[10000]; allowCoreThreadTimeout=false
Aug-15 15:25:53.565 [main] DEBUG nextflow.cli.CmdRun - 
  Version: 24.04.3 build 5916
  Created: 09-07-2024 19:35 UTC (10-07-2024 02:35 ICST)
  System: Linux 5.15.0-151-generic
  Runtime: Groovy 4.0.21 on OpenJDK 64-Bit Server VM 17.0.10+7
  Encoding: UTF-8 (UTF-8)
  Process: 1262020@dgx-a100 [192.168.1.11]
  CPUs: 128 - Mem: 503.7 GB (459.3 GB) - Swap: 0 (0)
Aug-15 15:25:53.594 [main] DEBUG nextflow.Session - Work-dir: /home/cdcadmin/neissflow/work [ext2/ext3]
Aug-15 15:25:53.625 [main] DEBUG nextflow.executor.ExecutorFactory - Extension executors providers=[]
Aug-15 15:25:53.634 [main] DEBUG nextflow.Session - Observer factory: DefaultObserverFactory
Aug-15 15:25:53.685 [main] DEBUG nextflow.cache.CacheFactory - Using Nextflow cache factory: nextflow.cache.DefaultCacheFactory
Aug-15 15:25:53.695 [main] DEBUG nextflow.util.CustomThreadPool - Creating default thread pool > poolSize: 129; maxThreads: 1000
Aug-15 15:25:53.769 [main] DEBUG nextflow.Session - Session start
Aug-15 15:25:53.771 [main] DEBUG nextflow.trace.TraceFileObserver - Workflow started -- trace file: /home/cdcadmin/Downloads/NG_Thailand_FASTQ/subset/results/trace.txt
Aug-15 15:25:53.949 [main] DEBUG nextflow.script.ScriptRunner - > Launching execution
Aug-15 15:25:54.993 [main] DEBUG nextflow.plugin.PluginUpdater - Installing plugin nf-validation version: latest
Aug-15 15:25:55.616 [main] INFO  org.pf4j.AbstractPluginManager - Plugin 'nf-validation@1.1.4' resolved
Aug-15 15:25:55.616 [main] INFO  org.pf4j.AbstractPluginManager - Start plugin 'nf-validation@1.1.4'
Aug-15 15:25:55.621 [main] DEBUG nextflow.plugin.BasePlugin - Plugin started nf-validation@1.1.4
Aug-15 15:25:55.622 [main] DEBUG nextflow.script.IncludeDef - Loading included plugin extensions with names: [paramsSummaryMap:paramsSummaryMap]; plugin Id: nf-validation
Aug-15 15:25:55.829 [main] DEBUG nextflow.script.IncludeDef - Loading included plugin extensions with names: [paramsHelp:paramsHelp]; plugin Id: nf-validation
Aug-15 15:25:55.830 [main] DEBUG nextflow.script.IncludeDef - Loading included plugin extensions with names: [paramsSummaryLog:paramsSummaryLog]; plugin Id: nf-validation
Aug-15 15:25:55.831 [main] DEBUG nextflow.script.IncludeDef - Loading included plugin extensions with names: [validateParameters:validateParameters]; plugin Id: nf-validation
Aug-15 15:25:55.834 [main] DEBUG nextflow.script.IncludeDef - Loading included plugin extensions with names: [paramsSummaryMap:paramsSummaryMap]; plugin Id: nf-validation
Aug-15 15:25:55.835 [main] DEBUG nextflow.script.IncludeDef - Loading included plugin extensions with names: [fromSamplesheet:fromSamplesheet]; plugin Id: nf-validation
Aug-15 15:25:58.144 [main] DEBUG nextflow.script.IncludeDef - Loading included plugin extensions with names: [paramsSummaryMap:paramsSummaryMap]; plugin Id: nf-validation
Aug-15 15:25:58.260 [main] DEBUG nextflow.script.IncludeDef - Loading included plugin extensions with names: [paramsHelp:paramsHelp]; plugin Id: nf-validation
Aug-15 15:25:58.260 [main] DEBUG nextflow.script.IncludeDef - Loading included plugin extensions with names: [paramsSummaryLog:paramsSummaryLog]; plugin Id: nf-validation
Aug-15 15:25:58.261 [main] DEBUG nextflow.script.IncludeDef - Loading included plugin extensions with names: [validateParameters:validateParameters]; plugin Id: nf-validation
Aug-15 15:25:58.263 [main] DEBUG nextflow.script.IncludeDef - Loading included plugin extensions with names: [paramsSummaryMap:paramsSummaryMap]; plugin Id: nf-validation
Aug-15 15:25:58.263 [main] DEBUG nextflow.script.IncludeDef - Loading included plugin extensions with names: [fromSamplesheet:fromSamplesheet]; plugin Id: nf-validation
Aug-15 15:25:59.185 [main] DEBUG nextflow.script.IncludeDef - Loading included plugin extensions with names: [paramsHelp:paramsHelp]; plugin Id: nf-validation
Aug-15 15:25:59.185 [main] DEBUG nextflow.script.IncludeDef - Loading included plugin extensions with names: [paramsSummaryLog:paramsSummaryLog]; plugin Id: nf-validation
Aug-15 15:25:59.186 [main] DEBUG nextflow.script.IncludeDef - Loading included plugin extensions with names: [validateParameters:validateParameters]; plugin Id: nf-validation
Aug-15 15:25:59.188 [main] DEBUG nextflow.script.IncludeDef - Loading included plugin extensions with names: [paramsSummaryMap:paramsSummaryMap]; plugin Id: nf-validation
Aug-15 15:25:59.188 [main] DEBUG nextflow.script.IncludeDef - Loading included plugin extensions with names: [fromSamplesheet:fromSamplesheet]; plugin Id: nf-validation
Aug-15 15:25:59.265 [main] DEBUG nextflow.script.IncludeDef - Loading included plugin extensions with names: [fromSamplesheet:fromSamplesheet]; plugin Id: nf-validation
Aug-15 15:25:59.307 [main] DEBUG nextflow.Nextflow - Using schema file: nextflow_schema.json
Aug-15 15:25:59.319 [main] INFO  nextflow.Nextflow - 

-[2m----------------------------------------------------[0m-
[0;32m             _          __ _               
[0;32m  _ __   ___(_)___ ___ / _| | _____      __
[0;32m | '_ \ / _ \ / __/ __| |_| |/ _ \ \ /\ / /
[0;32m | | | |  __/ \__ \__ \  _| | (_) \ V  V / 
[0;32m |_| |_|\___|_|___/___/_| |_|\___/ \_/\_/  

[0;35m  neissflow/main.nf v2.0.0[0m
-[2m----------------------------------------------------[0m-
[1mCore Nextflow options[0m
  [0;34mrunName                   : [0;32melegant_shirley[0m
  [0;34mcontainerEngine           : [0;32msingularity[0m
  [0;34mlaunchDir                 : [0;32m/home/cdcadmin/neissflow[0m
  [0;34mworkDir                   : [0;32m/home/cdcadmin/neissflow/work[0m
  [0;34mprojectDir                : [0;32m/home/cdcadmin/neissflow[0m
  [0;34muserName                  : [0;32mcdcadmin[0m
  [0;34mprofile                   : [0;32mdgx,singularity[0m
  [0;34mconfigFiles               : [0;32m[0m

[1mInput/output options[0m
  [0;34minput                     : [0;32m/home/cdcadmin/Downloads/NG_Thailand_FASTQ/subset/subset.csv[0m
  [0;34moutdir                    : [0;32m/home/cdcadmin/Downloads/NG_Thailand_FASTQ/subset/results[0m
  [0;34mname                      : [0;32mcomplete[0m

[1mInput Type[0m
  [0;34monly_fastq                : [0;32mtrue[0m

[1mSpecies ID parameters[0m
  [0;34mmash_db                   : [0;32m/home/cdcadmin/neissflow/assets/databases/RefSeqSketchesDefaults.msh[0m
  [0;34mFA19_ref                  : [0;32m/home/cdcadmin/neissflow/assets/FA19.gb[0m

[1mAssembly Parameters[0m
  [0;34mFA19cg                    : [0;32m/home/cdcadmin/neissflow/assets/FA19cg.fa[0m

[1mAMR Profiler parameters[0m
  [0;34mamr_ref                   : [0;32m/home/cdcadmin/neissflow/assets/amr_genes.gbk[0m
  [0;34mloci                      : [0;32m/home/cdcadmin/neissflow/assets/FA19_loci.tsv[0m
  [0;34mdefault_amr               : [0;32m/home/cdcadmin/neissflow/assets/AMR_defaults.tsv[0m
  [0;34mcolumns                   : [0;32m/home/cdcadmin/neissflow/assets/amr_columns.txt[0m
  [0;34mmtrR_mosaic_ref           : [0;32m/home/cdcadmin/neissflow/assets/gene_refs/mosaic-mtrR.fasta[0m
  [0;34ma_blastdb                 : [0;32m/home/cdcadmin/neissflow/assets/blastdb[0m
  [0;34mpubmlst                   : [0;32m/home/cdcadmin/neissflow/assets/pubmlst[0m
  [0;34mblastdb                   : [0;32m/home/cdcadmin/neissflow/assets/blastdb[0m
  [0;34mngmasterdb                : [0;32m/home/cdcadmin/neissflow/assets/alleledb/ngmaster/[0m
  [0;34mngstar                    : [0;32m/home/cdcadmin/neissflow/assets/alleledb/ngmaster/pubmlst/ngstar/ngstar.txt[0m
  [0;34mngmast                    : [0;32m/home/cdcadmin/neissflow/assets/alleledb/ngmaster/pubmlst/ngmast/ngmast.txt[0m

[1mInstitutional config options[0m
  [0;34mconfig_profile_description: [0;32mnull[0m
  [0;34mconfig_profile_url        : [0;32mnull[0m

[1mMax job request options[0m
  [0;34mmax_cpus                  : [0;32m120[0m
  [0;34mmax_memory                : [0;32m480.GB[0m

[1mGeneric options[0m
  [0;34mversion                   : [0;32m2.0[0m

!! Only displaying parameters that differ from the pipeline defaults !!
-[2m----------------------------------------------------[0m-
If you use neissflow/main.nf for your analysis please cite:

* The pipeline

* The nf-core framework
  https://doi.org/10.1038/s41587-020-0439-x

* Software dependencies
  https://github.com/CDCgov/neissflow/main.nf/-/blob/main/CITATIONS.md
-[2m----------------------------------------------------[0m-
Aug-15 15:25:59.356 [main] DEBUG nextflow.validation.SchemaValidator - Starting validation: '/home/cdcadmin/Downloads/NG_Thailand_FASTQ/subset/subset.csv' with 'assets/schema_input.json'
Aug-15 15:25:59.454 [main] DEBUG nextflow.validation.SchemaValidator - Validation passed: '/home/cdcadmin/Downloads/NG_Thailand_FASTQ/subset/subset.csv' with 'assets/schema_input.json'
Aug-15 15:25:59.539 [main] DEBUG nextflow.script.ProcessConfig - Config settings `withLabel:process_low` matches labels `process_low` for process with name NFCORE_NEISSFLOW:NEISSFLOW:CHECK_FASTQS
Aug-15 15:25:59.541 [main] DEBUG nextflow.script.ProcessConfig - Config settings `withName:CHECK_FASTQS` matches process NFCORE_NEISSFLOW:NEISSFLOW:CHECK_FASTQS
Aug-15 15:25:59.551 [main] DEBUG nextflow.executor.ExecutorFactory - << taskConfig executor: local
Aug-15 15:25:59.551 [main] DEBUG nextflow.executor.ExecutorFactory - >> processorType: 'local'
Aug-15 15:25:59.556 [main] DEBUG nextflow.executor.Executor - [warm up] executor > local
Aug-15 15:25:59.563 [main] DEBUG n.processor.LocalPollingMonitor - Creating local task monitor for executor 'local' > cpus=128; memory=503.7 GB; capacity=20; pollInterval=5s; dumpInterval=5m
Aug-15 15:25:59.565 [main] DEBUG n.processor.TaskPollingMonitor - >>> barrier register (monitor: local)
Aug-15 15:25:59.613 [main] DEBUG nextflow.script.ProcessConfig - Config settings `withLabel:process_medium` matches labels `process_medium` for process with name NFCORE_NEISSFLOW:NEISSFLOW:PREPROCESSING:FASTP
Aug-15 15:25:59.614 [main] DEBUG nextflow.script.ProcessConfig - Config settings `withName:FASTP` matches process NFCORE_NEISSFLOW:NEISSFLOW:PREPROCESSING:FASTP
Aug-15 15:25:59.619 [main] DEBUG nextflow.executor.ExecutorFactory - << taskConfig executor: local
Aug-15 15:25:59.619 [main] DEBUG nextflow.executor.ExecutorFactory - >> processorType: 'local'
Aug-15 15:25:59.633 [main] DEBUG nextflow.script.ProcessConfig - Config settings `withLabel:process_low` matches labels `process_low` for process with name NFCORE_NEISSFLOW:NEISSFLOW:PREPROCESSING:PARSE_FASTP_REPORTS
Aug-15 15:25:59.634 [main] DEBUG nextflow.script.ProcessConfig - Config settings `withName:PARSE_FASTP_REPORTS` matches process NFCORE_NEISSFLOW:NEISSFLOW:PREPROCESSING:PARSE_FASTP_REPORTS
Aug-15 15:25:59.638 [main] DEBUG nextflow.executor.ExecutorFactory - << taskConfig executor: local
Aug-15 15:25:59.638 [main] DEBUG nextflow.executor.ExecutorFactory - >> processorType: 'local'
Aug-15 15:25:59.649 [main] DEBUG nextflow.script.ProcessConfig - Config settings `withLabel:process_low` matches labels `process_low` for process with name NFCORE_NEISSFLOW:NEISSFLOW:PREPROCESSING:COMBINE_FASTP_REPORTS
Aug-15 15:25:59.649 [main] DEBUG nextflow.script.ProcessConfig - Config settings `withName:COMBINE_FASTP_REPORTS` matches process NFCORE_NEISSFLOW:NEISSFLOW:PREPROCESSING:COMBINE_FASTP_REPORTS
Aug-15 15:25:59.653 [main] DEBUG nextflow.executor.ExecutorFactory - << taskConfig executor: local
Aug-15 15:25:59.653 [main] DEBUG nextflow.executor.ExecutorFactory - >> processorType: 'local'
Aug-15 15:25:59.659 [main] DEBUG nextflow.script.ProcessConfig - Config settings `withLabel:process_low` matches labels `process_low` for process with name NFCORE_NEISSFLOW:NEISSFLOW:PREPROCESSING:FASTP_QC_CHECK
Aug-15 15:25:59.660 [main] DEBUG nextflow.script.ProcessConfig - Config settings `withName:FASTP_QC_CHECK` matches process NFCORE_NEISSFLOW:NEISSFLOW:PREPROCESSING:FASTP_QC_CHECK
Aug-15 15:25:59.663 [main] DEBUG nextflow.executor.ExecutorFactory - << taskConfig executor: local
Aug-15 15:25:59.663 [main] DEBUG nextflow.executor.ExecutorFactory - >> processorType: 'local'
Aug-15 15:25:59.707 [main] DEBUG nextflow.script.ProcessConfig - Config settings `withLabel:process_medium` matches labels `process_medium` for process with name NFCORE_NEISSFLOW:NEISSFLOW:SNIPPY
Aug-15 15:25:59.708 [main] DEBUG nextflow.script.ProcessConfig - Config settings `withName:SNIPPY` matches process NFCORE_NEISSFLOW:NEISSFLOW:SNIPPY
Aug-15 15:25:59.716 [main] DEBUG nextflow.executor.ExecutorFactory - << taskConfig executor: local
Aug-15 15:25:59.716 [main] DEBUG nextflow.executor.ExecutorFactory - >> processorType: 'local'
Aug-15 15:25:59.739 [main] DEBUG nextflow.script.ProcessConfig - Config settings `withLabel:process_medium` matches labels `process_medium` for process with name NFCORE_NEISSFLOW:NEISSFLOW:ASSEMBLY:SHOVILL
Aug-15 15:25:59.740 [main] DEBUG nextflow.script.ProcessConfig - Config settings `withName:SHOVILL` matches process NFCORE_NEISSFLOW:NEISSFLOW:ASSEMBLY:SHOVILL
Aug-15 15:25:59.744 [main] DEBUG nextflow.executor.ExecutorFactory - << taskConfig executor: local
Aug-15 15:25:59.744 [main] DEBUG nextflow.executor.ExecutorFactory - >> processorType: 'local'
Aug-15 15:25:59.757 [main] DEBUG nextflow.script.ProcessConfig - Config settings `withLabel:process_low` matches labels `process_low` for process with name NFCORE_NEISSFLOW:NEISSFLOW:ASSEMBLY:ASSEMBLY_STATS
Aug-15 15:25:59.758 [main] DEBUG nextflow.script.ProcessConfig - Config settings `withName:ASSEMBLY_STATS` matches process NFCORE_NEISSFLOW:NEISSFLOW:ASSEMBLY:ASSEMBLY_STATS
Aug-15 15:25:59.761 [main] DEBUG nextflow.executor.ExecutorFactory - << taskConfig executor: local
Aug-15 15:25:59.761 [main] DEBUG nextflow.executor.ExecutorFactory - >> processorType: 'local'
Aug-15 15:25:59.775 [main] DEBUG nextflow.script.ProcessConfig - Config settings `withLabel:process_medium` matches labels `process_medium` for process with name NFCORE_NEISSFLOW:NEISSFLOW:ASSEMBLY:QUAST
Aug-15 15:25:59.776 [main] DEBUG nextflow.script.ProcessConfig - Config settings `withName:QUAST` matches process NFCORE_NEISSFLOW:NEISSFLOW:ASSEMBLY:QUAST
Aug-15 15:25:59.779 [main] DEBUG nextflow.executor.ExecutorFactory - << taskConfig executor: local
Aug-15 15:25:59.779 [main] DEBUG nextflow.executor.ExecutorFactory - >> processorType: 'local'
Aug-15 15:25:59.799 [main] DEBUG nextflow.script.ProcessConfig - Config settings `withLabel:process_medium` matches labels `process_medium` for process with name NFCORE_NEISSFLOW:NEISSFLOW:SPECIES_CHECK:MASH
Aug-15 15:25:59.799 [main] DEBUG nextflow.script.ProcessConfig - Config settings `withName:MASH` matches process NFCORE_NEISSFLOW:NEISSFLOW:SPECIES_CHECK:MASH
Aug-15 15:25:59.802 [main] DEBUG nextflow.executor.ExecutorFactory - << taskConfig executor: local
Aug-15 15:25:59.802 [main] DEBUG nextflow.executor.ExecutorFactory - >> processorType: 'local'
Aug-15 15:25:59.813 [main] DEBUG nextflow.script.ProcessConfig - Config settings `withLabel:process_low` matches labels `process_low` for process with name NFCORE_NEISSFLOW:NEISSFLOW:SPECIES_CHECK:COMBINE_MASH_REPORTS
Aug-15 15:25:59.813 [main] DEBUG nextflow.script.ProcessConfig - Config settings `withName:COMBINE_MASH_REPORTS` matches process NFCORE_NEISSFLOW:NEISSFLOW:SPECIES_CHECK:COMBINE_MASH_REPORTS
Aug-15 15:25:59.816 [main] DEBUG nextflow.executor.ExecutorFactory - << taskConfig executor: local
Aug-15 15:25:59.816 [main] DEBUG nextflow.executor.ExecutorFactory - >> processorType: 'local'
Aug-15 15:25:59.825 [main] DEBUG nextflow.script.ProcessConfig - Config settings `withLabel:process_medium` matches labels `process_medium` for process with name NFCORE_NEISSFLOW:NEISSFLOW:SPECIES_CHECK:STATS
Aug-15 15:25:59.828 [main] DEBUG nextflow.script.ProcessConfig - Config settings `withName:STATS` matches process NFCORE_NEISSFLOW:NEISSFLOW:SPECIES_CHECK:STATS
Aug-15 15:25:59.830 [main] DEBUG nextflow.executor.ExecutorFactory - << taskConfig executor: local
Aug-15 15:25:59.830 [main] DEBUG nextflow.executor.ExecutorFactory - >> processorType: 'local'
Aug-15 15:25:59.839 [main] DEBUG nextflow.script.ProcessConfig - Config settings `withLabel:process_single` matches labels `process_single` for process with name NFCORE_NEISSFLOW:NEISSFLOW:SPECIES_CHECK:COVERAGE
Aug-15 15:25:59.840 [main] DEBUG nextflow.script.ProcessConfig - Config settings `withName:COVERAGE` matches process NFCORE_NEISSFLOW:NEISSFLOW:SPECIES_CHECK:COVERAGE
Aug-15 15:25:59.842 [main] DEBUG nextflow.executor.ExecutorFactory - << taskConfig executor: local
Aug-15 15:25:59.842 [main] DEBUG nextflow.executor.ExecutorFactory - >> processorType: 'local'
Aug-15 15:25:59.856 [main] DEBUG nextflow.script.ProcessConfig - Config settings `withLabel:process_single` matches labels `process_single` for process with name NFCORE_NEISSFLOW:NEISSFLOW:INITIAL_MERGE
Aug-15 15:25:59.857 [main] DEBUG nextflow.script.ProcessConfig - Config settings `withName:INITIAL_MERGE` matches process NFCORE_NEISSFLOW:NEISSFLOW:INITIAL_MERGE
Aug-15 15:25:59.859 [main] DEBUG nextflow.executor.ExecutorFactory - << taskConfig executor: local
Aug-15 15:25:59.859 [main] DEBUG nextflow.executor.ExecutorFactory - >> processorType: 'local'
Aug-15 15:25:59.865 [main] DEBUG nextflow.script.ProcessConfig - Config settings `withLabel:process_single` matches labels `process_single` for process with name NFCORE_NEISSFLOW:NEISSFLOW:QC_CHECK
Aug-15 15:25:59.865 [main] DEBUG nextflow.script.ProcessConfig - Config settings `withName:QC_CHECK` matches process NFCORE_NEISSFLOW:NEISSFLOW:QC_CHECK
Aug-15 15:25:59.868 [main] DEBUG nextflow.executor.ExecutorFactory - << taskConfig executor: local
Aug-15 15:25:59.868 [main] DEBUG nextflow.executor.ExecutorFactory - >> processorType: 'local'
Aug-15 15:25:59.898 [main] DEBUG nextflow.script.ProcessConfig - Config settings `withLabel:process_medium` matches labels `process_medium` for process with name NFCORE_NEISSFLOW:NEISSFLOW:AMR_PROFILER:SNIPPY_AMR
Aug-15 15:25:59.899 [main] DEBUG nextflow.script.ProcessConfig - Config settings `withName:SNIPPY_AMR` matches process NFCORE_NEISSFLOW:NEISSFLOW:AMR_PROFILER:SNIPPY_AMR
Aug-15 15:25:59.905 [main] DEBUG nextflow.executor.ExecutorFactory - << taskConfig executor: local
Aug-15 15:25:59.905 [main] DEBUG nextflow.executor.ExecutorFactory - >> processorType: 'local'
Aug-15 15:25:59.927 [main] DEBUG nextflow.script.ProcessConfig - Config settings `withLabel:process_low` matches labels `process_low` for process with name NFCORE_NEISSFLOW:NEISSFLOW:AMR_PROFILER:DEPTH
Aug-15 15:25:59.928 [main] DEBUG nextflow.script.ProcessConfig - Config settings `withName:DEPTH` matches process NFCORE_NEISSFLOW:NEISSFLOW:AMR_PROFILER:DEPTH
Aug-15 15:25:59.930 [main] DEBUG nextflow.executor.ExecutorFactory - << taskConfig executor: local
Aug-15 15:25:59.930 [main] DEBUG nextflow.executor.ExecutorFactory - >> processorType: 'local'
Aug-15 15:25:59.945 [main] DEBUG nextflow.script.ProcessConfig - Config settings `withLabel:process_low` matches labels `process_low` for process with name NFCORE_NEISSFLOW:NEISSFLOW:AMR_PROFILER:VARIANT_ANALYSIS
Aug-15 15:25:59.946 [main] DEBUG nextflow.script.ProcessConfig - Config settings `withName:VARIANT_ANALYSIS` matches process NFCORE_NEISSFLOW:NEISSFLOW:AMR_PROFILER:VARIANT_ANALYSIS
Aug-15 15:25:59.949 [main] DEBUG nextflow.executor.ExecutorFactory - << taskConfig executor: local
Aug-15 15:25:59.949 [main] DEBUG nextflow.executor.ExecutorFactory - >> processorType: 'local'
Aug-15 15:25:59.960 [main] DEBUG nextflow.script.ProcessConfig - Config settings `withLabel:process_low` matches labels `process_low` for process with name NFCORE_NEISSFLOW:NEISSFLOW:AMR_PROFILER:MLST
Aug-15 15:25:59.961 [main] DEBUG nextflow.script.ProcessConfig - Config settings `withName:MLST` matches process NFCORE_NEISSFLOW:NEISSFLOW:AMR_PROFILER:MLST
Aug-15 15:25:59.963 [main] DEBUG nextflow.executor.ExecutorFactory - << taskConfig executor: local
Aug-15 15:25:59.964 [main] DEBUG nextflow.executor.ExecutorFactory - >> processorType: 'local'
Aug-15 15:25:59.974 [main] DEBUG nextflow.script.ProcessConfig - Config settings `withLabel:process_low` matches labels `process_low` for process with name NFCORE_NEISSFLOW:NEISSFLOW:AMR_PROFILER:NGMASTER
Aug-15 15:25:59.975 [main] DEBUG nextflow.script.ProcessConfig - Config settings `withName:NGMASTER` matches process NFCORE_NEISSFLOW:NEISSFLOW:AMR_PROFILER:NGMASTER
Aug-15 15:25:59.977 [main] DEBUG nextflow.executor.ExecutorFactory - << taskConfig executor: local
Aug-15 15:25:59.977 [main] DEBUG nextflow.executor.ExecutorFactory - >> processorType: 'local'
Aug-15 15:25:59.989 [main] DEBUG nextflow.script.ProcessConfig - Config settings `withLabel:process_low` matches labels `process_low` for process with name NFCORE_NEISSFLOW:NEISSFLOW:AMR_PROFILER:BLASTN
Aug-15 15:25:59.990 [main] DEBUG nextflow.script.ProcessConfig - Config settings `withName:BLASTN` matches process NFCORE_NEISSFLOW:NEISSFLOW:AMR_PROFILER:BLASTN
Aug-15 15:25:59.993 [main] DEBUG nextflow.executor.ExecutorFactory - << taskConfig executor: local
Aug-15 15:25:59.993 [main] DEBUG nextflow.executor.ExecutorFactory - >> processorType: 'local'
Aug-15 15:26:00.007 [main] DEBUG nextflow.script.ProcessConfig - Config settings `withLabel:process_single` matches labels `process_single` for process with name NFCORE_NEISSFLOW:NEISSFLOW:AMR_PROFILER:MERGE_SINGLE_AMR
Aug-15 15:26:00.008 [main] DEBUG nextflow.script.ProcessConfig - Config settings `withName:MERGE_SINGLE_AMR` matches process NFCORE_NEISSFLOW:NEISSFLOW:AMR_PROFILER:MERGE_SINGLE_AMR
Aug-15 15:26:00.010 [main] DEBUG nextflow.executor.ExecutorFactory - << taskConfig executor: local
Aug-15 15:26:00.010 [main] DEBUG nextflow.executor.ExecutorFactory - >> processorType: 'local'
Aug-15 15:26:00.019 [main] DEBUG nextflow.script.ProcessConfig - Config settings `withLabel:process_single` matches labels `process_single` for process with name NFCORE_NEISSFLOW:NEISSFLOW:AMR_PROFILER:MERGE_AMR
Aug-15 15:26:00.020 [main] DEBUG nextflow.script.ProcessConfig - Config settings `withName:MERGE_AMR` matches process NFCORE_NEISSFLOW:NEISSFLOW:AMR_PROFILER:MERGE_AMR
Aug-15 15:26:00.022 [main] DEBUG nextflow.executor.ExecutorFactory - << taskConfig executor: local
Aug-15 15:26:00.023 [main] DEBUG nextflow.executor.ExecutorFactory - >> processorType: 'local'
Aug-15 15:26:00.040 [main] DEBUG nextflow.script.ProcessConfig - Config settings `withLabel:process_single` matches labels `process_single` for process with name NFCORE_NEISSFLOW:NEISSFLOW:MERGE_REPORTS
Aug-15 15:26:00.041 [main] DEBUG nextflow.script.ProcessConfig - Config settings `withName:MERGE_REPORTS` matches process NFCORE_NEISSFLOW:NEISSFLOW:MERGE_REPORTS
Aug-15 15:26:00.043 [main] DEBUG nextflow.executor.ExecutorFactory - << taskConfig executor: local
Aug-15 15:26:00.044 [main] DEBUG nextflow.executor.ExecutorFactory - >> processorType: 'local'
Aug-15 15:26:00.061 [main] DEBUG nextflow.script.ProcessConfig - Config settings `withLabel:process_low_memory` matches labels `process_low_memory` for process with name NFCORE_NEISSFLOW:NEISSFLOW:PHYLOGENY:SNIPPY_CORE
Aug-15 15:26:00.061 [main] DEBUG nextflow.script.ProcessConfig - Config settings `withName:SNIPPY_CORE` matches process NFCORE_NEISSFLOW:NEISSFLOW:PHYLOGENY:SNIPPY_CORE
Aug-15 15:26:00.063 [main] DEBUG nextflow.executor.ExecutorFactory - << taskConfig executor: local
Aug-15 15:26:00.064 [main] DEBUG nextflow.executor.ExecutorFactory - >> processorType: 'local'
Aug-15 15:26:00.072 [main] DEBUG nextflow.script.ProcessConfig - Config settings `withLabel:process_low_memory` matches labels `process_low_memory` for process with name NFCORE_NEISSFLOW:NEISSFLOW:PHYLOGENY:SNIPPY_CLEAN
Aug-15 15:26:00.073 [main] DEBUG nextflow.script.ProcessConfig - Config settings `withName:SNIPPY_CLEAN` matches process NFCORE_NEISSFLOW:NEISSFLOW:PHYLOGENY:SNIPPY_CLEAN
Aug-15 15:26:00.075 [main] DEBUG nextflow.executor.ExecutorFactory - << taskConfig executor: local
Aug-15 15:26:00.075 [main] DEBUG nextflow.executor.ExecutorFactory - >> processorType: 'local'
Aug-15 15:26:00.083 [main] DEBUG nextflow.script.ProcessConfig - Config settings `withLabel:process_high` matches labels `process_high` for process with name NFCORE_NEISSFLOW:NEISSFLOW:PHYLOGENY:GUBBINS
Aug-15 15:26:00.084 [main] DEBUG nextflow.script.ProcessConfig - Config settings `withName:GUBBINS` matches process NFCORE_NEISSFLOW:NEISSFLOW:PHYLOGENY:GUBBINS
Aug-15 15:26:00.086 [main] DEBUG nextflow.executor.ExecutorFactory - << taskConfig executor: local
Aug-15 15:26:00.086 [main] DEBUG nextflow.executor.ExecutorFactory - >> processorType: 'local'
Aug-15 15:26:00.096 [main] DEBUG nextflow.script.ProcessConfig - Config settings `withLabel:process_medium_memory` matches labels `process_medium_memory` for process with name NFCORE_NEISSFLOW:NEISSFLOW:PHYLOGENY:COUNT_MONO_NUC
Aug-15 15:26:00.097 [main] DEBUG nextflow.script.ProcessConfig - Config settings `withName:COUNT_MONO_NUC` matches process NFCORE_NEISSFLOW:NEISSFLOW:PHYLOGENY:COUNT_MONO_NUC
Aug-15 15:26:00.099 [main] DEBUG nextflow.executor.ExecutorFactory - << taskConfig executor: local
Aug-15 15:26:00.099 [main] DEBUG nextflow.executor.ExecutorFactory - >> processorType: 'local'
Aug-15 15:26:00.108 [main] DEBUG nextflow.script.ProcessConfig - Config settings `withLabel:process_high` matches labels `process_high` for process with name NFCORE_NEISSFLOW:NEISSFLOW:PHYLOGENY:SNPDISTS
Aug-15 15:26:00.109 [main] DEBUG nextflow.script.ProcessConfig - Config settings `withName:SNPDISTS` matches process NFCORE_NEISSFLOW:NEISSFLOW:PHYLOGENY:SNPDISTS
Aug-15 15:26:00.111 [main] DEBUG nextflow.executor.ExecutorFactory - << taskConfig executor: local
Aug-15 15:26:00.111 [main] DEBUG nextflow.executor.ExecutorFactory - >> processorType: 'local'
Aug-15 15:26:00.117 [main] DEBUG nextflow.script.ProcessConfig - Config settings `withLabel:process_single` matches labels `process_single` for process with name NFCORE_NEISSFLOW:NEISSFLOW:PHYLOGENY:OUTBREAK_DETECTION
Aug-15 15:26:00.118 [main] DEBUG nextflow.script.ProcessConfig - Config settings `withName:OUTBREAK_DETECTION` matches process NFCORE_NEISSFLOW:NEISSFLOW:PHYLOGENY:OUTBREAK_DETECTION
Aug-15 15:26:00.120 [main] DEBUG nextflow.executor.ExecutorFactory - << taskConfig executor: local
Aug-15 15:26:00.120 [main] DEBUG nextflow.executor.ExecutorFactory - >> processorType: 'local'
Aug-15 15:26:00.127 [main] DEBUG nextflow.script.ProcessConfig - Config settings `withLabel:process_single` matches labels `process_single` for process with name NFCORE_NEISSFLOW:NEISSFLOW:PHYLOGENY:CLUSTER_COLORING
Aug-15 15:26:00.128 [main] DEBUG nextflow.script.ProcessConfig - Config settings `withName:CLUSTER_COLORING` matches process NFCORE_NEISSFLOW:NEISSFLOW:PHYLOGENY:CLUSTER_COLORING
Aug-15 15:26:00.130 [main] DEBUG nextflow.executor.ExecutorFactory - << taskConfig executor: local
Aug-15 15:26:00.130 [main] DEBUG nextflow.executor.ExecutorFactory - >> processorType: 'local'
Aug-15 15:26:00.137 [main] DEBUG nextflow.script.ProcessConfig - Config settings `withLabel:process_single` matches labels `process_single` for process with name NFCORE_NEISSFLOW:NEISSFLOW:PHYLOGENY:MAKE_PARTITION_GUIDE
Aug-15 15:26:00.138 [main] DEBUG nextflow.script.ProcessConfig - Config settings `withName:MAKE_PARTITION_GUIDE` matches process NFCORE_NEISSFLOW:NEISSFLOW:PHYLOGENY:MAKE_PARTITION_GUIDE
Aug-15 15:26:00.139 [main] DEBUG nextflow.executor.ExecutorFactory - << taskConfig executor: local
Aug-15 15:26:00.139 [main] DEBUG nextflow.executor.ExecutorFactory - >> processorType: 'local'
Aug-15 15:26:00.147 [main] DEBUG nextflow.script.ProcessConfig - Config settings `withLabel:process_high` matches labels `process_high` for process with name NFCORE_NEISSFLOW:NEISSFLOW:PHYLOGENY:RAXML
Aug-15 15:26:00.148 [main] DEBUG nextflow.script.ProcessConfig - Config settings `withName:RAXML` matches process NFCORE_NEISSFLOW:NEISSFLOW:PHYLOGENY:RAXML
Aug-15 15:26:00.150 [main] DEBUG nextflow.executor.ExecutorFactory - << taskConfig executor: local
Aug-15 15:26:00.150 [main] DEBUG nextflow.executor.ExecutorFactory - >> processorType: 'local'
Aug-15 15:26:00.159 [main] DEBUG nextflow.script.ProcessConfig - Config settings `withLabel:process_single` matches labels `process_single` for process with name NFCORE_NEISSFLOW:NEISSFLOW:PHYLOGENY:REROOT
Aug-15 15:26:00.161 [main] DEBUG nextflow.script.ProcessConfig - Config settings `withName:REROOT` matches process NFCORE_NEISSFLOW:NEISSFLOW:PHYLOGENY:REROOT
Aug-15 15:26:00.164 [main] DEBUG nextflow.executor.ExecutorFactory - << taskConfig executor: local
Aug-15 15:26:00.164 [main] DEBUG nextflow.executor.ExecutorFactory - >> processorType: 'local'
Aug-15 15:26:00.171 [main] DEBUG nextflow.script.ProcessConfig - Config settings `withLabel:process_low` matches labels `process_low` for process with name NFCORE_NEISSFLOW:NEISSFLOW:PHYLOGENY:PHYLOGENY_QC
Aug-15 15:26:00.173 [main] DEBUG nextflow.script.ProcessConfig - Config settings `withName:PHYLOGENY_QC` matches process NFCORE_NEISSFLOW:NEISSFLOW:PHYLOGENY:PHYLOGENY_QC
Aug-15 15:26:00.174 [main] DEBUG nextflow.executor.ExecutorFactory - << taskConfig executor: local
Aug-15 15:26:00.174 [main] DEBUG nextflow.executor.ExecutorFactory - >> processorType: 'local'
Aug-15 15:26:00.182 [main] DEBUG nextflow.script.ProcessConfig - Config settings `withLabel:process_single` matches labels `process_single` for process with name NFCORE_NEISSFLOW:NEISSFLOW:PHYLOGENY:GOTREE_PNG
Aug-15 15:26:00.183 [main] DEBUG nextflow.script.ProcessConfig - Config settings `withName:GOTREE_PNG` matches process NFCORE_NEISSFLOW:NEISSFLOW:PHYLOGENY:GOTREE_PNG
Aug-15 15:26:00.185 [main] DEBUG nextflow.executor.ExecutorFactory - << taskConfig executor: local
Aug-15 15:26:00.185 [main] DEBUG nextflow.executor.ExecutorFactory - >> processorType: 'local'
Aug-15 15:26:00.191 [main] DEBUG nextflow.script.ProcessConfig - Config settings `withLabel:process_single` matches labels `process_single` for process with name NFCORE_NEISSFLOW:NEISSFLOW:PHYLOGENY:REPORT
Aug-15 15:26:00.192 [main] DEBUG nextflow.script.ProcessConfig - Config settings `withName:REPORT` matches process NFCORE_NEISSFLOW:NEISSFLOW:PHYLOGENY:REPORT
Aug-15 15:26:00.194 [main] DEBUG nextflow.executor.ExecutorFactory - << taskConfig executor: local
Aug-15 15:26:00.194 [main] DEBUG nextflow.executor.ExecutorFactory - >> processorType: 'local'
Aug-15 15:26:00.279 [main] DEBUG nextflow.script.ProcessConfig - Config settings `withLabel:process_single` matches labels `process_single` for process with name NFCORE_NEISSFLOW:NEISSFLOW:MULTIQC
Aug-15 15:26:00.282 [main] DEBUG nextflow.executor.ExecutorFactory - << taskConfig executor: local
Aug-15 15:26:00.282 [main] DEBUG nextflow.executor.ExecutorFactory - >> processorType: 'local'
Aug-15 15:26:00.292 [main] DEBUG nextflow.Session - Workflow process names [dsl2]: NFCORE_NEISSFLOW:NEISSFLOW:PHYLOGENY:RAXML, NFCORE_NEISSFLOW:NEISSFLOW:PHYLOGENY:COUNT_MONO_NUC, GOTREE_PNG, OUTBREAK_DETECTION, SNIPPY_CORE, MAKE_PARTITION_GUIDE, NFCORE_NEISSFLOW:NEISSFLOW:SPECIES_CHECK:COVERAGE, NFCORE_NEISSFLOW:NEISSFLOW:PREPROCESSING:PARSE_FASTP_REPORTS, NFCORE_NEISSFLOW:NEISSFLOW:PHYLOGENY:SNIPPY_CORE, MERGE_REPORTS, FASTP, VARIANT_ANALYSIS, NFCORE_NEISSFLOW:NEISSFLOW:PHYLOGENY:MAKE_PARTITION_GUIDE, SHOVILL, NFCORE_NEISSFLOW:NEISSFLOW:AMR_PROFILER:MLST, CLUSTER_COLORING, NFCORE_NEISSFLOW:NEISSFLOW:PHYLOGENY:OUTBREAK_DETECTION, NFCORE_NEISSFLOW:NEISSFLOW:PHYLOGENY:PHYLOGENY_QC, NFCORE_NEISSFLOW:NEISSFLOW:MULTIQC, QC_CHECK, NFCORE_NEISSFLOW:NEISSFLOW:AMR_PROFILER:BLASTN, ALT_SNIPPY, ASSEMBLY_STATS, BLASTN, NFCORE_NEISSFLOW:NEISSFLOW:ASSEMBLY:QUAST, NFCORE_NEISSFLOW:NEISSFLOW:ASSEMBLY:ASSEMBLY_STATS, NFCORE_NEISSFLOW:NEISSFLOW:AMR_PROFILER:MERGE_AMR, MERGE_SINGLE_AMR, NFCORE_NEISSFLOW:NEISSFLOW:INITIAL_MERGE, QUAST, NFCORE_NEISSFLOW:NEISSFLOW:AMR_PROFILER:VARIANT_ANALYSIS, NFCORE_NEISSFLOW:NEISSFLOW:PHYLOGENY:SNPDISTS, NFCORE_NEISSFLOW:NEISSFLOW:QC_CHECK, NFCORE_NEISSFLOW:NEISSFLOW:ASSEMBLY:SHOVILL, CHECK_FASTQS, NFCORE_NEISSFLOW:NEISSFLOW:PHYLOGENY:REROOT, PARSE_FASTP_REPORTS, FASTP_QC_CHECK, SNPDISTS, NFCORE_NEISSFLOW:NEISSFLOW:PREPROCESSING:FASTP, NFCORE_NEISSFLOW:NEISSFLOW:AMR_PROFILER:DEPTH, REMOVE_REF, NFCORE_NEISSFLOW:NEISSFLOW:PHYLOGENY:GUBBINS, NFCORE_NEISSFLOW:NEISSFLOW:AMR_PROFILER:MERGE_SINGLE_AMR, SNIPPY, NFCORE_NEISSFLOW:NEISSFLOW:SNIPPY, SNIPPY_CLEAN, COVERAGE, GUBBINS, STATS, MULTIQC, MASH, RAXML, NFCORE_NEISSFLOW:NEISSFLOW:CHECK_FASTQS, NGMASTER, NFCORE_NEISSFLOW:NEISSFLOW:AMR_PROFILER:SNIPPY_AMR, NFCORE_NEISSFLOW:NEISSFLOW:PHYLOGENY:REPORT, NFCORE_NEISSFLOW:NEISSFLOW:SPECIES_CHECK:STATS, NFCORE_NEISSFLOW:NEISSFLOW:PHYLOGENY:CLUSTER_COLORING, SNIPPY_AMR, COUNT_MONO_NUC, MERGE_AMR, NFCORE_NEISSFLOW:NEISSFLOW:SPECIES_CHECK:MASH, MLST, NFCORE_NEISSFLOW:NEISSFLOW:SPECIES_CHECK:COMBINE_MASH_REPORTS, COMBINE_FASTP_REPORTS, NFCORE_NEISSFLOW:NEISSFLOW:PHYLOGENY:SNIPPY_CLEAN, REPORT, INITIAL_MERGE, NFCORE_NEISSFLOW:NEISSFLOW:PREPROCESSING:FASTP_QC_CHECK, NFCORE_NEISSFLOW:NEISSFLOW:PREPROCESSING:COMBINE_FASTP_REPORTS, COMBINE_MASH_REPORTS, NFCORE_NEISSFLOW:NEISSFLOW:MERGE_REPORTS, REROOT, NFCORE_NEISSFLOW:NEISSFLOW:PHYLOGENY:GOTREE_PNG, NFCORE_NEISSFLOW:NEISSFLOW:AMR_PROFILER:NGMASTER, PHYLOGENY_QC, DEPTH
Aug-15 15:26:00.304 [main] DEBUG nextflow.Session - Igniting dataflow network (72)
Aug-15 15:26:00.305 [main] DEBUG nextflow.processor.TaskProcessor - Starting process > NFCORE_NEISSFLOW:NEISSFLOW:CHECK_FASTQS
Aug-15 15:26:00.306 [main] DEBUG nextflow.processor.TaskProcessor - Starting process > NFCORE_NEISSFLOW:NEISSFLOW:PREPROCESSING:FASTP
Aug-15 15:26:00.306 [main] DEBUG nextflow.processor.TaskProcessor - Starting process > NFCORE_NEISSFLOW:NEISSFLOW:PREPROCESSING:PARSE_FASTP_REPORTS
Aug-15 15:26:00.306 [main] DEBUG nextflow.processor.TaskProcessor - Starting process > NFCORE_NEISSFLOW:NEISSFLOW:PREPROCESSING:COMBINE_FASTP_REPORTS
Aug-15 15:26:00.306 [main] DEBUG nextflow.processor.TaskProcessor - Starting process > NFCORE_NEISSFLOW:NEISSFLOW:PREPROCESSING:FASTP_QC_CHECK
Aug-15 15:26:00.306 [main] DEBUG nextflow.processor.TaskProcessor - Starting process > NFCORE_NEISSFLOW:NEISSFLOW:SNIPPY
Aug-15 15:26:00.306 [main] DEBUG nextflow.processor.TaskProcessor - Starting process > NFCORE_NEISSFLOW:NEISSFLOW:ASSEMBLY:SHOVILL
Aug-15 15:26:00.306 [main] DEBUG nextflow.processor.TaskProcessor - Starting process > NFCORE_NEISSFLOW:NEISSFLOW:ASSEMBLY:ASSEMBLY_STATS
Aug-15 15:26:00.306 [main] DEBUG nextflow.processor.TaskProcessor - Starting process > NFCORE_NEISSFLOW:NEISSFLOW:ASSEMBLY:QUAST
Aug-15 15:26:00.306 [main] DEBUG nextflow.processor.TaskProcessor - Starting process > NFCORE_NEISSFLOW:NEISSFLOW:SPECIES_CHECK:MASH
Aug-15 15:26:00.306 [main] DEBUG nextflow.processor.TaskProcessor - Starting process > NFCORE_NEISSFLOW:NEISSFLOW:SPECIES_CHECK:COMBINE_MASH_REPORTS
Aug-15 15:26:00.307 [main] DEBUG nextflow.processor.TaskProcessor - Starting process > NFCORE_NEISSFLOW:NEISSFLOW:SPECIES_CHECK:STATS
Aug-15 15:26:00.307 [main] DEBUG nextflow.processor.TaskProcessor - Starting process > NFCORE_NEISSFLOW:NEISSFLOW:SPECIES_CHECK:COVERAGE
Aug-15 15:26:00.307 [main] DEBUG nextflow.processor.TaskProcessor - Starting process > NFCORE_NEISSFLOW:NEISSFLOW:INITIAL_MERGE
Aug-15 15:26:00.307 [main] DEBUG nextflow.processor.TaskProcessor - Starting process > NFCORE_NEISSFLOW:NEISSFLOW:QC_CHECK
Aug-15 15:26:00.307 [main] DEBUG nextflow.processor.TaskProcessor - Starting process > NFCORE_NEISSFLOW:NEISSFLOW:AMR_PROFILER:SNIPPY_AMR
Aug-15 15:26:00.307 [main] DEBUG nextflow.processor.TaskProcessor - Starting process > NFCORE_NEISSFLOW:NEISSFLOW:AMR_PROFILER:DEPTH
Aug-15 15:26:00.308 [main] DEBUG nextflow.processor.TaskProcessor - Starting process > NFCORE_NEISSFLOW:NEISSFLOW:AMR_PROFILER:VARIANT_ANALYSIS
Aug-15 15:26:00.308 [main] DEBUG nextflow.processor.TaskProcessor - Starting process > NFCORE_NEISSFLOW:NEISSFLOW:AMR_PROFILER:MLST
Aug-15 15:26:00.308 [main] DEBUG nextflow.processor.TaskProcessor - Starting process > NFCORE_NEISSFLOW:NEISSFLOW:AMR_PROFILER:NGMASTER
Aug-15 15:26:00.308 [main] DEBUG nextflow.processor.TaskProcessor - Starting process > NFCORE_NEISSFLOW:NEISSFLOW:AMR_PROFILER:BLASTN
Aug-15 15:26:00.308 [main] DEBUG nextflow.processor.TaskProcessor - Starting process > NFCORE_NEISSFLOW:NEISSFLOW:AMR_PROFILER:MERGE_SINGLE_AMR
Aug-15 15:26:00.308 [main] DEBUG nextflow.processor.TaskProcessor - Starting process > NFCORE_NEISSFLOW:NEISSFLOW:AMR_PROFILER:MERGE_AMR
Aug-15 15:26:00.308 [main] DEBUG nextflow.processor.TaskProcessor - Starting process > NFCORE_NEISSFLOW:NEISSFLOW:MERGE_REPORTS
Aug-15 15:26:00.308 [main] DEBUG nextflow.processor.TaskProcessor - Starting process > NFCORE_NEISSFLOW:NEISSFLOW:PHYLOGENY:SNIPPY_CORE
Aug-15 15:26:00.308 [main] DEBUG nextflow.processor.TaskProcessor - Starting process > NFCORE_NEISSFLOW:NEISSFLOW:PHYLOGENY:SNIPPY_CLEAN
Aug-15 15:26:00.308 [main] DEBUG nextflow.processor.TaskProcessor - Starting process > NFCORE_NEISSFLOW:NEISSFLOW:PHYLOGENY:GUBBINS
Aug-15 15:26:00.308 [main] DEBUG nextflow.processor.TaskProcessor - Starting process > NFCORE_NEISSFLOW:NEISSFLOW:PHYLOGENY:COUNT_MONO_NUC
Aug-15 15:26:00.308 [main] DEBUG nextflow.processor.TaskProcessor - Starting process > NFCORE_NEISSFLOW:NEISSFLOW:PHYLOGENY:SNPDISTS
Aug-15 15:26:00.308 [main] DEBUG nextflow.processor.TaskProcessor - Starting process > NFCORE_NEISSFLOW:NEISSFLOW:PHYLOGENY:OUTBREAK_DETECTION
Aug-15 15:26:00.308 [main] DEBUG nextflow.processor.TaskProcessor - Starting process > NFCORE_NEISSFLOW:NEISSFLOW:PHYLOGENY:CLUSTER_COLORING
Aug-15 15:26:00.308 [main] DEBUG nextflow.processor.TaskProcessor - Starting process > NFCORE_NEISSFLOW:NEISSFLOW:PHYLOGENY:MAKE_PARTITION_GUIDE
Aug-15 15:26:00.308 [main] DEBUG nextflow.processor.TaskProcessor - Starting process > NFCORE_NEISSFLOW:NEISSFLOW:PHYLOGENY:RAXML
Aug-15 15:26:00.309 [main] DEBUG nextflow.processor.TaskProcessor - Starting process > NFCORE_NEISSFLOW:NEISSFLOW:PHYLOGENY:REROOT
Aug-15 15:26:00.309 [main] DEBUG nextflow.processor.TaskProcessor - Starting process > NFCORE_NEISSFLOW:NEISSFLOW:PHYLOGENY:PHYLOGENY_QC
Aug-15 15:26:00.309 [main] DEBUG nextflow.processor.TaskProcessor - Starting process > NFCORE_NEISSFLOW:NEISSFLOW:PHYLOGENY:GOTREE_PNG
Aug-15 15:26:00.309 [main] DEBUG nextflow.processor.TaskProcessor - Starting process > NFCORE_NEISSFLOW:NEISSFLOW:PHYLOGENY:REPORT
Aug-15 15:26:00.314 [main] DEBUG nextflow.processor.TaskProcessor - Starting process > NFCORE_NEISSFLOW:NEISSFLOW:MULTIQC
Aug-15 15:26:00.316 [main] DEBUG nextflow.script.ScriptRunner - Parsed script files:
  Script_e33be55ffb6ce24d: /home/cdcadmin/neissflow/./workflows/../subworkflows/local/../../modules/local/ngmaster.nf
  Script_308f26359d3dec36: /home/cdcadmin/neissflow/./workflows/../subworkflows/local/../../modules/local/merge_single_amr.nf
  Script_063d4aa3571d67c4: /home/cdcadmin/neissflow/./workflows/../subworkflows/local/preprocessing.nf
  Script_e23f1b43c7ddfa33: /home/cdcadmin/neissflow/./workflows/../subworkflows/local/../../modules/local/gotree.nf
  Script_cca1ab890429a24a: /home/cdcadmin/neissflow/./workflows/../subworkflows/local/../../modules/local/mash/combine_mash_reports.nf
  Script_046ef7659c158aab: /home/cdcadmin/neissflow/./workflows/../subworkflows/local/../../modules/local/merge_amr.nf
  Script_34a6e65ee7dbdbe0: /home/cdcadmin/neissflow/./workflows/../subworkflows/local/utils_nfcore_neissflow_pipeline/../../nf-core/utils_nextflow_pipeline/main.nf
  Script_2e5348732a4e7bb0: /home/cdcadmin/neissflow/./workflows/../subworkflows/local/../../modules/local/fastp/fastp_qc.nf
  Script_a7d371fe23db7aab: /home/cdcadmin/neissflow/./workflows/../subworkflows/local/utils_nfcore_neissflow_pipeline/../../nf-core/utils_nfvalidation_plugin/main.nf
  Script_73f18e510306c3d8: /home/cdcadmin/neissflow/./workflows/../subworkflows/local/../../modules/local/snippy_clean.nf
  Script_19b33bf34365b643: /home/cdcadmin/neissflow/./workflows/../modules/local/check_fastqs.nf
  Script_2fc3344f25633c1d: /home/cdcadmin/neissflow/./workflows/../subworkflows/local/amr_profiler.nf
  Script_68be8e02172bbf6e: /home/cdcadmin/neissflow/./workflows/../subworkflows/local/../../modules/local/snippy_amr.nf
  Script_a6a217432d9e5ef2: /home/cdcadmin/neissflow/./workflows/../subworkflows/local/../../modules/local/variant_analysis.nf
  Script_d43a7ac6165a9098: /home/cdcadmin/neissflow/./workflows/../subworkflows/local/../../modules/local/count_mono.nf
  Script_11299cb12a111d0f: /home/cdcadmin/neissflow/./workflows/../modules/nf-core/multiqc/main.nf
  Script_48a7912bd49586a6: /home/cdcadmin/neissflow/./workflows/../subworkflows/local/../../modules/local/raxml.nf
  Script_8573b155759edf71: /home/cdcadmin/neissflow/./workflows/../subworkflows/local/../../modules/local/fastp/combine_reports.nf
  Script_cc237a90876283da: /home/cdcadmin/neissflow/./workflows/../subworkflows/local/../../modules/local/depth.nf
  Script_db0c6b9b30babbd5: /home/cdcadmin/neissflow/./workflows/../modules/local/merge/merge.nf
  Script_bcf97f2fc7372995: /home/cdcadmin/neissflow/./workflows/../subworkflows/local/../../modules/local/mash/mash.nf
  Script_8d80d5b156eb9e14: /home/cdcadmin/neissflow/./workflows/../modules/local/snippy.nf
  Script_54733610dad9eb23: /home/cdcadmin/neissflow/./workflows/../subworkflows/local/../../modules/local/shovill.nf
  Script_ed439794156e138d: /home/cdcadmin/neissflow/./workflows/../subworkflows/local/../../modules/local/cluster_coloring.nf
  Script_767f800d4dcf57d3: /home/cdcadmin/neissflow/main.nf
  Script_f9b0dfcd17dabcba: /home/cdcadmin/neissflow/./workflows/../subworkflows/local/phylogeny.nf
  Script_66ad1fbe92c77030: /home/cdcadmin/neissflow/./workflows/../subworkflows/local/../../modules/local/snippy_core.nf
  Script_a91022202ff9beb3: /home/cdcadmin/neissflow/./workflows/../subworkflows/local/../../modules/local/stats/stats.nf
  Script_5abdd294a9a3485e: /home/cdcadmin/neissflow/./workflows/../subworkflows/local/../../modules/local/stats/coverage.nf
  Script_b682bdc65ff41458: /home/cdcadmin/neissflow/./workflows/../subworkflows/local/../../modules/local/phylogeny_qc.nf
  Script_b46a7490731f48c6: /home/cdcadmin/neissflow/./subworkflows/local/utils_nfcore_neissflow_pipeline/../../nf-core/utils_nfcore_pipeline/main.nf
  Script_13defc9c09aa2789: /home/cdcadmin/neissflow/./workflows/../subworkflows/local/../../modules/local/fastp/fastp.nf
  Script_be153b228108f9fd: /home/cdcadmin/neissflow/./workflows/../subworkflows/local/../../modules/local/gubbins.nf
  Script_76e9ac96a6c60717: /home/cdcadmin/neissflow/./workflows/../subworkflows/local/../../modules/local/report.nf
  Script_033e739b8102f047: /home/cdcadmin/neissflow/./workflows/../subworkflows/local/../../modules/local/remove_ref.nf
  Script_30d352b9a5a897a7: /home/cdcadmin/neissflow/./workflows/QC.nf
  Script_e77e90b60b959eea: /home/cdcadmin/neissflow/./workflows/../subworkflows/local/species_check.nf
  Script_60838d71c0a4711a: /home/cdcadmin/neissflow/./workflows/../subworkflows/local/../../modules/local/blastn.nf
  Script_4b63ccfa0e441536: /home/cdcadmin/neissflow/./workflows/../subworkflows/local/../../modules/local/fastp/parse_fastp.nf
  Script_2e8b63203ad4b51b: /home/cdcadmin/neissflow/./workflows/../modules/local/qc_check/initial_merge.nf
  Script_f9b5beb7cb32985c: /home/cdcadmin/neissflow/./workflows/../subworkflows/local/../../modules/local/mlst.nf
  Script_228dd5752694ad41: /home/cdcadmin/neissflow/./workflows/../subworkflows/local/utils_nfcore_neissflow_pipeline/main.nf
  Script_89fcdddd132e77e9: /home/cdcadmin/neissflow/./workflows/../subworkflows/local/../../modules/local/outbreak_detection.nf
  Script_b691b9ae3f2e1f32: /home/cdcadmin/neissflow/./workflows/neissflow.nf
  Script_5b55a3c20d20497b: /home/cdcadmin/neissflow/./workflows/../subworkflows/local/../../modules/local/spades/assembly_stats.nf
  Script_fe245ba369d315c9: /home/cdcadmin/neissflow/./workflows/../modules/local/qc_check/qc_check.nf
  Script_38723cf1683a6e5a: /home/cdcadmin/neissflow/./workflows/../subworkflows/local/../../modules/local/snpdists.nf
  Script_8c745e5eb1edbf46: /home/cdcadmin/neissflow/./workflows/../subworkflows/local/../../modules/local/reroot.nf
  Script_f72d4d9cbbb018a1: /home/cdcadmin/neissflow/./workflows/../subworkflows/local/../../modules/nf-core/quast/main.nf
  Script_781d346a82f2e07c: /home/cdcadmin/neissflow/./workflows/../subworkflows/local/assembly.nf
  Script_f82444292c52e2f5: /home/cdcadmin/neissflow/./workflows/../subworkflows/local/../../modules/local/make_guide.nf
Aug-15 15:26:00.316 [main] DEBUG nextflow.script.ScriptRunner - > Awaiting termination 
Aug-15 15:26:00.316 [main] DEBUG nextflow.Session - Session await
Aug-15 15:26:00.373 [Actor Thread 119] DEBUG nextflow.container.SingularityCache - Singularity found local store for image=https://depot.galaxyproject.org/singularity/centos:7.9.2009; path=/home/cdcadmin/neissflow/work/singularity/depot.galaxyproject.org-singularity-centos-7.9.2009.img
Aug-15 15:26:00.388 [Actor Thread 116] DEBUG nextflow.sort.BigSort - Sort completed -- entries: 1; slices: 1; internal sort time: 0.001 s; external sort time: 0.012 s; total time: 0.013 s
Aug-15 15:26:00.388 [Actor Thread 128] DEBUG nextflow.sort.BigSort - Sort completed -- entries: 1; slices: 1; internal sort time: 0.001 s; external sort time: 0.012 s; total time: 0.013 s
Aug-15 15:26:00.389 [Actor Thread 116] DEBUG nextflow.file.FileCollector - >> temp file exists? false
Aug-15 15:26:00.389 [Actor Thread 128] DEBUG nextflow.file.FileCollector - >> temp file exists? false
Aug-15 15:26:00.390 [Actor Thread 128] DEBUG nextflow.file.FileCollector - Missed collect-file cache -- cause: java.nio.file.NoSuchFileException: /home/cdcadmin/neissflow/work/collect-file/45ef1b5088861de2b116da31bf83fe07
Aug-15 15:26:00.390 [Actor Thread 116] DEBUG nextflow.file.FileCollector - Missed collect-file cache -- cause: java.nio.file.NoSuchFileException: /home/cdcadmin/neissflow/work/collect-file/84e13da4677633ee4e2efc4159eacb0d
Aug-15 15:26:00.393 [Actor Thread 128] DEBUG nextflow.file.FileCollector - Saved collect-files list to: /home/cdcadmin/neissflow/work/collect-file/45ef1b5088861de2b116da31bf83fe07
Aug-15 15:26:00.393 [Actor Thread 116] DEBUG nextflow.file.FileCollector - Saved collect-files list to: /home/cdcadmin/neissflow/work/collect-file/84e13da4677633ee4e2efc4159eacb0d
Aug-15 15:26:00.402 [Actor Thread 116] DEBUG nextflow.file.FileCollector - Deleting file collector temp dir: /tmp/nxf-13804196009161020520
Aug-15 15:26:00.402 [Actor Thread 128] DEBUG nextflow.file.FileCollector - Deleting file collector temp dir: /tmp/nxf-10605542774312078895
Aug-15 15:26:00.410 [Actor Thread 127] INFO  nextflow.processor.TaskProcessor - [41/831286] Cached process > NFCORE_NEISSFLOW:NEISSFLOW:CHECK_FASTQS (ERR9668843)
Aug-15 15:26:00.410 [Actor Thread 123] INFO  nextflow.processor.TaskProcessor - [c0/a05f3a] Cached process > NFCORE_NEISSFLOW:NEISSFLOW:CHECK_FASTQS (ERR9668844)
Aug-15 15:26:00.433 [Actor Thread 128] DEBUG nextflow.container.SingularityCache - Singularity found local store for image=https://depot.galaxyproject.org/singularity/fastp%3A0.23.4--hadf994f_2; path=/home/cdcadmin/neissflow/work/singularity/depot.galaxyproject.org-singularity-fastp%3A0.23.4--hadf994f_2.img
Aug-15 15:26:00.449 [Actor Thread 119] INFO  nextflow.processor.TaskProcessor - [7e/f3da77] Cached process > NFCORE_NEISSFLOW:NEISSFLOW:PREPROCESSING:FASTP (ERR9668844)
Aug-15 15:26:00.449 [Actor Thread 125] INFO  nextflow.processor.TaskProcessor - [4c/43baf7] Cached process > NFCORE_NEISSFLOW:NEISSFLOW:PREPROCESSING:FASTP (ERR9668843)
Aug-15 15:26:00.456 [Actor Thread 129] DEBUG nextflow.container.SingularityCache - Singularity found local store for image=https://depot.galaxyproject.org/singularity/python%3A3.7; path=/home/cdcadmin/neissflow/work/singularity/depot.galaxyproject.org-singularity-python%3A3.7.img
Aug-15 15:26:00.461 [Actor Thread 125] DEBUG nextflow.util.ThreadPoolBuilder - Creating thread pool 'PublishDir' minSize=10; maxSize=384; workQueue=LinkedBlockingQueue[10000]; allowCoreThreadTimeout=false
Aug-15 15:26:00.548 [Task submitter] DEBUG n.executor.local.LocalTaskHandler - Launch cmd line: /bin/bash -ue .command.run
Aug-15 15:26:00.549 [Task submitter] INFO  nextflow.Session - [1c/a6bde1] Submitted process > NFCORE_NEISSFLOW:NEISSFLOW:PREPROCESSING:PARSE_FASTP_REPORTS (ERR9668844)
Aug-15 15:26:00.557 [Task submitter] DEBUG n.executor.local.LocalTaskHandler - Launch cmd line: /bin/bash -ue .command.run
Aug-15 15:26:00.558 [Task submitter] INFO  nextflow.Session - [75/63ab4c] Submitted process > NFCORE_NEISSFLOW:NEISSFLOW:PREPROCESSING:PARSE_FASTP_REPORTS (ERR9668843)
Aug-15 15:26:01.956 [Task monitor] DEBUG n.processor.TaskPollingMonitor - Task completed > TaskHandler[id: 5; name: NFCORE_NEISSFLOW:NEISSFLOW:PREPROCESSING:PARSE_FASTP_REPORTS (ERR9668844); status: COMPLETED; exit: 0; error: -; workDir: /home/cdcadmin/neissflow/work/1c/a6bde11dc234bafb75f4577b5870c4]
Aug-15 15:26:01.956 [Task monitor] DEBUG nextflow.util.ThreadPoolBuilder - Creating thread pool 'TaskFinalizer' minSize=10; maxSize=384; workQueue=LinkedBlockingQueue[10000]; allowCoreThreadTimeout=false
Aug-15 15:26:01.959 [Task monitor] DEBUG n.processor.TaskPollingMonitor - Task completed > TaskHandler[id: 6; name: NFCORE_NEISSFLOW:NEISSFLOW:PREPROCESSING:PARSE_FASTP_REPORTS (ERR9668843); status: COMPLETED; exit: 0; error: -; workDir: /home/cdcadmin/neissflow/work/75/63ab4c595a931aa787b9f15f104e71]
Aug-15 15:26:01.977 [Task submitter] DEBUG n.executor.local.LocalTaskHandler - Launch cmd line: /bin/bash -ue .command.run
Aug-15 15:26:01.978 [Task submitter] INFO  nextflow.Session - [52/8e25b6] Submitted process > NFCORE_NEISSFLOW:NEISSFLOW:PREPROCESSING:COMBINE_FASTP_REPORTS
Aug-15 15:26:02.346 [Task monitor] DEBUG n.processor.TaskPollingMonitor - Task completed > TaskHandler[id: 7; name: NFCORE_NEISSFLOW:NEISSFLOW:PREPROCESSING:COMBINE_FASTP_REPORTS; status: COMPLETED; exit: 0; error: -; workDir: /home/cdcadmin/neissflow/work/52/8e25b622468c8197562737ba0279ec]
Aug-15 15:26:02.363 [Task submitter] DEBUG n.executor.local.LocalTaskHandler - Launch cmd line: /bin/bash -ue .command.run
Aug-15 15:26:02.364 [Task submitter] INFO  nextflow.Session - [ae/973937] Submitted process > NFCORE_NEISSFLOW:NEISSFLOW:PREPROCESSING:FASTP_QC_CHECK
Aug-15 15:26:02.709 [Task monitor] DEBUG n.processor.TaskPollingMonitor - Task completed > TaskHandler[id: 8; name: NFCORE_NEISSFLOW:NEISSFLOW:PREPROCESSING:FASTP_QC_CHECK; status: COMPLETED; exit: 0; error: -; workDir: /home/cdcadmin/neissflow/work/ae/9739379d29cc1517936914540b66bb]
Aug-15 15:26:02.720 [Actor Thread 119] DEBUG nextflow.container.SingularityCache - Singularity found local store for image=https://depot.galaxyproject.org/singularity/mash:2.3--he348c14_1; path=/home/cdcadmin/neissflow/work/singularity/depot.galaxyproject.org-singularity-mash-2.3--he348c14_1.img
Aug-15 15:26:02.720 [Actor Thread 117] DEBUG nextflow.container.SingularityCache - Singularity found local store for image=https://depot.galaxyproject.org/singularity/snippy%3A4.6.0--0; path=/home/cdcadmin/neissflow/work/singularity/depot.galaxyproject.org-singularity-snippy%3A4.6.0--0.img
Aug-15 15:26:02.720 [Actor Thread 118] DEBUG nextflow.container.SingularityCache - Singularity found local store for image=https://depot.galaxyproject.org/singularity/shovill:1.1.0--0; path=/home/cdcadmin/neissflow/work/singularity/depot.galaxyproject.org-singularity-shovill-1.1.0--0.img
Aug-15 15:26:02.725 [Actor Thread 127] INFO  nextflow.processor.TaskProcessor - [78/621c57] Cached process > NFCORE_NEISSFLOW:NEISSFLOW:SPECIES_CHECK:MASH (ERR9668843)
Aug-15 15:26:02.725 [Actor Thread 128] INFO  nextflow.processor.TaskProcessor - [6f/3f2ef6] Cached process > NFCORE_NEISSFLOW:NEISSFLOW:SPECIES_CHECK:MASH (ERR9668844)
Aug-15 15:26:02.737 [Actor Thread 122] INFO  nextflow.processor.TaskProcessor - [62/312129] Cached process > NFCORE_NEISSFLOW:NEISSFLOW:ASSEMBLY:SHOVILL (ERR9668843)
Aug-15 15:26:02.738 [Actor Thread 116] INFO  nextflow.processor.TaskProcessor - [b8/a09fb8] Cached process > NFCORE_NEISSFLOW:NEISSFLOW:ASSEMBLY:SHOVILL (ERR9668844)
Aug-15 15:26:02.738 [Actor Thread 129] INFO  nextflow.processor.TaskProcessor - [c0/7f5894] Cached process > NFCORE_NEISSFLOW:NEISSFLOW:SPECIES_CHECK:COMBINE_MASH_REPORTS
Aug-15 15:26:02.746 [Actor Thread 124] DEBUG nextflow.container.SingularityCache - Singularity found local store for image=docker://biopython/biopython:latest; path=/home/cdcadmin/neissflow/work/singularity/biopython-biopython-latest.img
Aug-15 15:26:02.748 [Actor Thread 124] DEBUG nextflow.container.SingularityCache - Singularity found local store for image=https://depot.galaxyproject.org/singularity/quast:5.2.0--py39pl5321heaaa4ec_4; path=/home/cdcadmin/neissflow/work/singularity/depot.galaxyproject.org-singularity-quast-5.2.0--py39pl5321heaaa4ec_4.img
Aug-15 15:26:02.748 [Actor Thread 123] INFO  nextflow.processor.TaskProcessor - [82/ff7cfa] Cached process > NFCORE_NEISSFLOW:NEISSFLOW:SNIPPY (ERR9668843)
Aug-15 15:26:02.748 [Actor Thread 125] INFO  nextflow.processor.TaskProcessor - [65/dabc07] Cached process > NFCORE_NEISSFLOW:NEISSFLOW:SNIPPY (ERR9668844)
Aug-15 15:26:02.756 [Task submitter] DEBUG n.executor.local.LocalTaskHandler - Launch cmd line: /bin/bash -ue .command.run
Aug-15 15:26:02.756 [Task submitter] INFO  nextflow.Session - [e3/4a0fc2] Submitted process > NFCORE_NEISSFLOW:NEISSFLOW:ASSEMBLY:ASSEMBLY_STATS
Aug-15 15:26:02.756 [Actor Thread 124] DEBUG nextflow.container.SingularityCache - Singularity found local store for image=https://depot.galaxyproject.org/singularity/samtools:1.20--h50ea8bc_0; path=/home/cdcadmin/neissflow/work/singularity/depot.galaxyproject.org-singularity-samtools-1.20--h50ea8bc_0.img
Aug-15 15:26:02.757 [Actor Thread 118] DEBUG nextflow.processor.TaskProcessor - Process `NFCORE_NEISSFLOW:NEISSFLOW:ASSEMBLY:QUAST (1)` is unable to find [UnixPath]: `/home/cdcadmin/neissflow/work/d1/d199efff9bdd0fdfd653143aca394f/ERR9668843_transcriptome.tsv` (pattern: `ERR9668843_transcriptome.tsv`)
Aug-15 15:26:02.757 [Actor Thread 114] DEBUG nextflow.processor.TaskProcessor - Process `NFCORE_NEISSFLOW:NEISSFLOW:ASSEMBLY:QUAST (2)` is unable to find [UnixPath]: `/home/cdcadmin/neissflow/work/f7/d7efeaf27551bd3a79e866169e7d31/ERR9668844_transcriptome.tsv` (pattern: `ERR9668844_transcriptome.tsv`)
Aug-15 15:26:02.759 [Actor Thread 118] INFO  nextflow.processor.TaskProcessor - [d1/d199ef] Cached process > NFCORE_NEISSFLOW:NEISSFLOW:ASSEMBLY:QUAST (ERR9668843)
Aug-15 15:26:02.759 [Actor Thread 114] INFO  nextflow.processor.TaskProcessor - [f7/d7efea] Cached process > NFCORE_NEISSFLOW:NEISSFLOW:ASSEMBLY:QUAST (ERR9668844)
Aug-15 15:26:02.761 [Actor Thread 116] INFO  nextflow.processor.TaskProcessor - [95/439478] Cached process > NFCORE_NEISSFLOW:NEISSFLOW:SPECIES_CHECK:STATS (ERR9668843)
Aug-15 15:26:02.762 [Actor Thread 117] INFO  nextflow.processor.TaskProcessor - [29/04e5b8] Cached process > NFCORE_NEISSFLOW:NEISSFLOW:SPECIES_CHECK:STATS (ERR9668844)
Aug-15 15:26:02.775 [Actor Thread 123] INFO  nextflow.processor.TaskProcessor - [61/176950] Cached process > NFCORE_NEISSFLOW:NEISSFLOW:SPECIES_CHECK:COVERAGE
Aug-15 15:26:02.825 [Actor Thread 118] DEBUG nextflow.processor.TaskProcessor - Process NFCORE_NEISSFLOW:NEISSFLOW:ASSEMBLY:QUAST > Skipping output binding because one or more optional files are missing: fileoutparam<2:1>
Aug-15 15:26:02.826 [Actor Thread 114] DEBUG nextflow.processor.TaskProcessor - Process NFCORE_NEISSFLOW:NEISSFLOW:ASSEMBLY:QUAST > Skipping output binding because one or more optional files are missing: fileoutparam<2:1>
Aug-15 15:26:04.431 [Task monitor] DEBUG n.processor.TaskPollingMonitor - Task completed > TaskHandler[id: 18; name: NFCORE_NEISSFLOW:NEISSFLOW:ASSEMBLY:ASSEMBLY_STATS; status: COMPLETED; exit: 0; error: -; workDir: /home/cdcadmin/neissflow/work/e3/4a0fc2c2b2cd1d7d2aa77911bc01be]
Aug-15 15:26:04.453 [Task submitter] DEBUG n.executor.local.LocalTaskHandler - Launch cmd line: /bin/bash -ue .command.run
Aug-15 15:26:04.453 [Task submitter] INFO  nextflow.Session - [a1/1eb8cc] Submitted process > NFCORE_NEISSFLOW:NEISSFLOW:INITIAL_MERGE
Aug-15 15:26:04.842 [Task monitor] DEBUG n.processor.TaskPollingMonitor - Task completed > TaskHandler[id: 22; name: NFCORE_NEISSFLOW:NEISSFLOW:INITIAL_MERGE; status: COMPLETED; exit: 0; error: -; workDir: /home/cdcadmin/neissflow/work/a1/1eb8ccf45275653bed71f3f515e8c1]
Aug-15 15:26:04.856 [Task submitter] DEBUG n.executor.local.LocalTaskHandler - Launch cmd line: /bin/bash -ue .command.run
Aug-15 15:26:04.856 [Task submitter] INFO  nextflow.Session - [45/2dae41] Submitted process > NFCORE_NEISSFLOW:NEISSFLOW:QC_CHECK
Aug-15 15:26:05.225 [Task monitor] DEBUG n.processor.TaskPollingMonitor - Task completed > TaskHandler[id: 23; name: NFCORE_NEISSFLOW:NEISSFLOW:QC_CHECK; status: COMPLETED; exit: 0; error: -; workDir: /home/cdcadmin/neissflow/work/45/2dae41b85b0ab858c3a08e480ca8a1]
Aug-15 15:26:05.234 [Actor Thread 114] DEBUG nextflow.container.SingularityCache - Singularity found local store for image=docker://staphb/ngmaster:1.0.0; path=/home/cdcadmin/neissflow/work/singularity/staphb-ngmaster-1.0.0.img
Aug-15 15:26:05.236 [Actor Thread 114] DEBUG nextflow.container.SingularityCache - Singularity found local store for image=https://depot.galaxyproject.org/singularity/mlst%3A2.23.0--hdfd78af_0; path=/home/cdcadmin/neissflow/work/singularity/depot.galaxyproject.org-singularity-mlst%3A2.23.0--hdfd78af_0.img
Aug-15 15:26:05.239 [Actor Thread 114] DEBUG nextflow.container.SingularityCache - Singularity found local store for image=https://depot.galaxyproject.org/singularity/blast:2.15.0--pl5321h6f7f691_1; path=/home/cdcadmin/neissflow/work/singularity/depot.galaxyproject.org-singularity-blast-2.15.0--pl5321h6f7f691_1.img
Aug-15 15:26:05.240 [Actor Thread 112] INFO  nextflow.processor.TaskProcessor - [20/2d14b4] Cached process > NFCORE_NEISSFLOW:NEISSFLOW:PHYLOGENY:SNIPPY_CORE
Aug-15 15:26:05.240 [Actor Thread 128] INFO  nextflow.processor.TaskProcessor - [73/6624e0] Cached process > NFCORE_NEISSFLOW:NEISSFLOW:AMR_PROFILER:MLST (ERR9668844)
Aug-15 15:26:05.240 [Actor Thread 115] INFO  nextflow.processor.TaskProcessor - [71/8d61ac] Cached process > NFCORE_NEISSFLOW:NEISSFLOW:AMR_PROFILER:MLST (ERR9668843)
Aug-15 15:26:05.247 [Actor Thread 113] INFO  nextflow.processor.TaskProcessor - [d8/c920a6] Cached process > NFCORE_NEISSFLOW:NEISSFLOW:AMR_PROFILER:BLASTN (ERR9668844)
Aug-15 15:26:05.247 [Actor Thread 111] INFO  nextflow.processor.TaskProcessor - [25/b7dae2] Cached process > NFCORE_NEISSFLOW:NEISSFLOW:AMR_PROFILER:BLASTN (ERR9668843)
Aug-15 15:26:05.247 [Task submitter] DEBUG n.executor.local.LocalTaskHandler - Launch cmd line: /bin/bash -ue .command.run
Aug-15 15:26:05.248 [Task submitter] INFO  nextflow.Session - [06/83b28e] Submitted process > NFCORE_NEISSFLOW:NEISSFLOW:AMR_PROFILER:NGMASTER (ERR9668843)
Aug-15 15:26:05.248 [Actor Thread 117] INFO  nextflow.processor.TaskProcessor - [c4/2a78c8] Cached process > NFCORE_NEISSFLOW:NEISSFLOW:PHYLOGENY:SNIPPY_CLEAN
Aug-15 15:26:05.253 [Actor Thread 117] DEBUG nextflow.container.SingularityCache - Singularity found local store for image=https://depot.galaxyproject.org/singularity/datamash%3A1.8; path=/home/cdcadmin/neissflow/work/singularity/depot.galaxyproject.org-singularity-datamash%3A1.8.img
Aug-15 15:26:05.254 [Task submitter] DEBUG n.executor.local.LocalTaskHandler - Launch cmd line: /bin/bash -ue .command.run
Aug-15 15:26:05.254 [Actor Thread 117] DEBUG nextflow.container.SingularityCache - Singularity found local store for image=docker://staphb/gubbins:3.3.5; path=/home/cdcadmin/neissflow/work/singularity/staphb-gubbins-3.3.5.img
Aug-15 15:26:05.254 [Task submitter] INFO  nextflow.Session - [23/77e3c8] Submitted process > NFCORE_NEISSFLOW:NEISSFLOW:AMR_PROFILER:NGMASTER (ERR9668844)
Aug-15 15:26:05.258 [Actor Thread 107] INFO  nextflow.processor.TaskProcessor - [45/d2d85b] Cached process > NFCORE_NEISSFLOW:NEISSFLOW:PHYLOGENY:COUNT_MONO_NUC
Aug-15 15:26:05.260 [Actor Thread 125] INFO  nextflow.processor.TaskProcessor - [2b/525f8c] Cached process > NFCORE_NEISSFLOW:NEISSFLOW:AMR_PROFILER:SNIPPY_AMR (ERR9668844)
Aug-15 15:26:05.261 [Actor Thread 109] INFO  nextflow.processor.TaskProcessor - [36/f39d26] Cached process > NFCORE_NEISSFLOW:NEISSFLOW:AMR_PROFILER:SNIPPY_AMR (ERR9668843)
Aug-15 15:26:05.264 [Actor Thread 113] ERROR nextflow.extension.OperatorImpl - @unknown
org.yaml.snakeyaml.scanner.ScannerException: while scanning a simple key
 in 'reader', line 3, column 5:
        END_VERSIONS
        ^
could not find expected ':'
 in 'reader', line 4, column 1:
    
    ^

	at org.yaml.snakeyaml.scanner.ScannerImpl.stalePossibleSimpleKeys(ScannerImpl.java:502)
	at org.yaml.snakeyaml.scanner.ScannerImpl.needMoreTokens(ScannerImpl.java:307)
	at org.yaml.snakeyaml.scanner.ScannerImpl.checkToken(ScannerImpl.java:237)
	at org.yaml.snakeyaml.parser.ParserImpl$ParseBlockMappingKey.produce(ParserImpl.java:637)
	at org.yaml.snakeyaml.parser.ParserImpl.peekEvent(ParserImpl.java:161)
	at org.yaml.snakeyaml.comments.CommentEventsCollector$1.peek(CommentEventsCollector.java:57)
	at org.yaml.snakeyaml.comments.CommentEventsCollector$1.peek(CommentEventsCollector.java:43)
	at org.yaml.snakeyaml.comments.CommentEventsCollector.collectEvents(CommentEventsCollector.java:136)
	at org.yaml.snakeyaml.comments.CommentEventsCollector.collectEvents(CommentEventsCollector.java:116)
	at org.yaml.snakeyaml.composer.Composer.composeScalarNode(Composer.java:241)
	at org.yaml.snakeyaml.composer.Composer.composeNode(Composer.java:205)
	at org.yaml.snakeyaml.composer.Composer.composeValueNode(Composer.java:369)
	at org.yaml.snakeyaml.composer.Composer.composeMappingChildren(Composer.java:348)
	at org.yaml.snakeyaml.composer.Composer.composeMappingNode(Composer.java:323)
	at org.yaml.snakeyaml.composer.Composer.composeNode(Composer.java:209)
	at org.yaml.snakeyaml.composer.Composer.composeValueNode(Composer.java:369)
	at org.yaml.snakeyaml.composer.Composer.composeMappingChildren(Composer.java:348)
	at org.yaml.snakeyaml.composer.Composer.composeMappingNode(Composer.java:323)
	at org.yaml.snakeyaml.composer.Composer.composeNode(Composer.java:209)
	at org.yaml.snakeyaml.composer.Composer.getNode(Composer.java:131)
	at org.yaml.snakeyaml.composer.Composer.getSingleNode(Composer.java:157)
	at org.yaml.snakeyaml.constructor.BaseConstructor.getSingleData(BaseConstructor.java:178)
	at org.yaml.snakeyaml.Yaml.loadFromReader(Yaml.java:493)
	at org.yaml.snakeyaml.Yaml.load(Yaml.java:434)
	at nextflow.file.SlurperEx.load(SlurperEx.groovy:67)
	at org.codehaus.groovy.vmplugin.v8.IndyInterface.fromCache(IndyInterface.java:321)
	at Script_b46a7490731f48c6.processVersionsFromYAML(Script_b46a7490731f48c6:106)
	at jdk.internal.reflect.GeneratedMethodAccessor204.invoke(Unknown Source)
	at java.base/jdk.internal.reflect.DelegatingMethodAccessorImpl.invoke(DelegatingMethodAccessorImpl.java:43)
	at java.base/java.lang.reflect.Method.invoke(Method.java:568)
	at org.codehaus.groovy.reflection.CachedMethod.invoke(CachedMethod.java:343)
	at groovy.lang.MetaMethod.doMethodInvoke(MetaMethod.java:328)
	at org.codehaus.groovy.runtime.metaclass.ClosureMetaClass.invokeMethod(ClosureMetaClass.java:342)
	at groovy.lang.MetaClassImpl.invokeMethod(MetaClassImpl.java:1007)
	at org.codehaus.groovy.vmplugin.v8.IndyInterface.fromCache(IndyInterface.java:321)
	at Script_b46a7490731f48c6$_softwareVersionsToYAML_closure2.doCall(Script_b46a7490731f48c6:127)
	at jdk.internal.reflect.GeneratedMethodAccessor203.invoke(Unknown Source)
	at java.base/jdk.internal.reflect.DelegatingMethodAccessorImpl.invoke(DelegatingMethodAccessorImpl.java:43)
	at java.base/java.lang.reflect.Method.invoke(Method.java:568)
	at org.codehaus.groovy.reflection.CachedMethod.invoke(CachedMethod.java:343)
	at groovy.lang.MetaMethod.doMethodInvoke(MetaMethod.java:328)
	at org.codehaus.groovy.runtime.metaclass.ClosureMetaClass.invokeMethod(ClosureMetaClass.java:279)
	at groovy.lang.MetaClassImpl.invokeMethod(MetaClassImpl.java:1007)
	at org.codehaus.groovy.vmplugin.v8.IndyInterface.fromCache(IndyInterface.java:321)
	at nextflow.extension.MapOp$_apply_closure1.doCall(MapOp.groovy:56)
	at jdk.internal.reflect.GeneratedMethodAccessor160.invoke(Unknown Source)
	at java.base/jdk.internal.reflect.DelegatingMethodAccessorImpl.invoke(DelegatingMethodAccessorImpl.java:43)
	at java.base/java.lang.reflect.Method.invoke(Method.java:568)
	at org.codehaus.groovy.reflection.CachedMethod.invoke(CachedMethod.java:343)
	at groovy.lang.MetaMethod.doMethodInvoke(MetaMethod.java:328)
	at org.codehaus.groovy.runtime.metaclass.ClosureMetaClass.invokeMethod(ClosureMetaClass.java:279)
	at groovy.lang.MetaClassImpl.invokeMethod(MetaClassImpl.java:1007)
	at groovy.lang.Closure.call(Closure.java:433)
	at groovyx.gpars.dataflow.operator.DataflowOperatorActor.startTask(DataflowOperatorActor.java:120)
	at groovyx.gpars.dataflow.operator.DataflowOperatorActor.onMessage(DataflowOperatorActor.java:108)
	at groovyx.gpars.actor.impl.SDAClosure$1.call(SDAClosure.java:43)
	at groovyx.gpars.actor.AbstractLoopingActor.runEnhancedWithoutRepliesOnMessages(AbstractLoopingActor.java:293)
	at groovyx.gpars.actor.AbstractLoopingActor.access$400(AbstractLoopingActor.java:30)
	at groovyx.gpars.actor.AbstractLoopingActor$1.handleMessage(AbstractLoopingActor.java:93)
	at groovyx.gpars.util.AsyncMessagingCore.run(AsyncMessagingCore.java:132)
	at java.base/java.util.concurrent.ThreadPoolExecutor.runWorker(ThreadPoolExecutor.java:1136)
	at java.base/java.util.concurrent.ThreadPoolExecutor$Worker.run(ThreadPoolExecutor.java:635)
	at java.base/java.lang.Thread.run(Thread.java:840)
Aug-15 15:26:05.269 [Actor Thread 128] INFO  nextflow.processor.TaskProcessor - [c6/6dd151] Cached process > NFCORE_NEISSFLOW:NEISSFLOW:PHYLOGENY:GUBBINS
Aug-15 15:26:05.275 [Actor Thread 113] DEBUG nextflow.Session - Session aborted -- Cause: while scanning a simple key
 in 'reader', line 3, column 5:
        END_VERSIONS
        ^
could not find expected ':'
 in 'reader', line 4, column 1:
    
    ^

Aug-15 15:26:05.279 [Actor Thread 107] INFO  nextflow.processor.TaskProcessor - [49/75a209] Cached process > NFCORE_NEISSFLOW:NEISSFLOW:AMR_PROFILER:DEPTH (ERR9668844)
Aug-15 15:26:05.279 [Actor Thread 116] INFO  nextflow.processor.TaskProcessor - [ce/584835] Cached process > NFCORE_NEISSFLOW:NEISSFLOW:AMR_PROFILER:DEPTH (ERR9668843)
Aug-15 15:26:05.283 [Actor Thread 128] WARN  nextflow.container.SingularityCache - Singularity cache directory has not been defined -- Remote image will be stored in the path: /home/cdcadmin/neissflow/work/singularity -- Use the environment variable NXF_SINGULARITY_CACHEDIR to specify a different location
Aug-15 15:26:05.284 [Actor Thread 128] INFO  nextflow.container.SingularityCache - Pulling Singularity image https://depot.galaxyproject.org/singularity/snp-dists:0.8.2--h5bf99c6_0 [cache /home/cdcadmin/neissflow/work/singularity/depot.galaxyproject.org-singularity-snp-dists-0.8.2--h5bf99c6_0.img]
Aug-15 15:26:05.288 [Actor Thread 117] DEBUG nextflow.container.SingularityCache - Singularity found local store for image=docker://python:3.9; path=/home/cdcadmin/neissflow/work/singularity/python-3.9.img
Aug-15 15:26:05.307 [Actor Thread 113] DEBUG nextflow.Session - The following nodes are still active:
[process] NFCORE_NEISSFLOW:NEISSFLOW:AMR_PROFILER:MERGE_SINGLE_AMR
  status=ACTIVE
  port 0: (queue) OPEN  ; channel: -
  port 1: (cntrl) -     ; channel: $

[process] NFCORE_NEISSFLOW:NEISSFLOW:AMR_PROFILER:MERGE_AMR
  status=ACTIVE
  port 0: (value) OPEN  ; channel: amr_reports
  port 1: (value) bound ; channel: depth_reports
  port 2: (value) bound ; channel: prefix
  port 3: (cntrl) -     ; channel: $

[process] NFCORE_NEISSFLOW:NEISSFLOW:MERGE_REPORTS
  status=ACTIVE
  port 0: (value) bound ; channel: initial_merge
  port 1: (value) OPEN  ; channel: amr_report
  port 2: (value) OPEN  ; channel: depth_report
  port 3: (value) bound ; channel: contaminants
  port 4: (value) bound ; channel: plasmids
  port 5: (value) bound ; channel: passed_qc1
  port 6: (value) bound ; channel: passed_qc2
  port 7: (value) bound ; channel: prefix
  port 8: (cntrl) -     ; channel: $

[process] NFCORE_NEISSFLOW:NEISSFLOW:PHYLOGENY:SNPDISTS
  status=ACTIVE
  port 0: (value) bound ; channel: alignment
  port 1: (cntrl) -     ; channel: $

[process] NFCORE_NEISSFLOW:NEISSFLOW:PHYLOGENY:OUTBREAK_DETECTION
  status=ACTIVE
  port 0: (value) OPEN  ; channel: snp_matrix
  port 1: (value) bound ; channel: snp_dist
  port 2: (cntrl) -     ; channel: $

[process] NFCORE_NEISSFLOW:NEISSFLOW:PHYLOGENY:CLUSTER_COLORING
  status=ACTIVE
  port 0: (value) OPEN  ; channel: clusters
  port 1: (cntrl) -     ; channel: $

[process] NFCORE_NEISSFLOW:NEISSFLOW:PHYLOGENY:RAXML
  status=ACTIVE
  port 0: (value) bound ; channel: phylip
  port 1: (value) OPEN  ; channel: partition_guide
  port 2: (cntrl) -     ; channel: $

[process] NFCORE_NEISSFLOW:NEISSFLOW:PHYLOGENY:REROOT
  status=ACTIVE
  port 0: (value) OPEN  ; channel: best_tree
  port 1: (cntrl) -     ; channel: $

[process] NFCORE_NEISSFLOW:NEISSFLOW:PHYLOGENY:PHYLOGENY_QC
  status=ACTIVE
  port 0: (value) bound ; channel: align
  port 1: (value) OPEN  ; channel: tree
  port 2: (value) bound ; channel: sample_list
  port 3: (value) bound ; channel: mono_nuc
  port 4: (cntrl) -     ; channel: $

[process] NFCORE_NEISSFLOW:NEISSFLOW:PHYLOGENY:GOTREE_PNG
  status=ACTIVE
  port 0: (value) OPEN  ; channel: rerooted
  port 1: (value) OPEN  ; channel: annotation
  port 2: (cntrl) -     ; channel: $

[process] NFCORE_NEISSFLOW:NEISSFLOW:PHYLOGENY:REPORT
  status=ACTIVE
  port 0: (value) OPEN  ; channel: png
  port 1: (value) OPEN  ; channel: isolate_clusters
  port 2: (cntrl) -     ; channel: $

[process] NFCORE_NEISSFLOW:NEISSFLOW:MULTIQC
  status=ACTIVE
  port 0: (value) OPEN  ; channel: multiqc_files
  port 1: (value) bound ; channel: multiqc_config
  port 2: (value) bound ; channel: extra_multiqc_config
  port 3: (value) bound ; channel: multiqc_logo
  port 4: (cntrl) -     ; channel: $

Aug-15 15:26:05.309 [Actor Thread 113] ERROR nextflow.Nextflow - Pipeline failed. Please refer to troubleshooting docs: https://nf-co.re/docs/usage/troubleshooting
Aug-15 15:26:05.309 [main] DEBUG nextflow.Session - Session await > all processes finished
Aug-15 15:26:05.309 [main] DEBUG nextflow.Session - Session await > all barriers passed
Aug-15 15:26:05.310 [Task monitor] DEBUG n.processor.TaskPollingMonitor - <<< barrier arrives (monitor: local) - terminating tasks monitor poll loop
Aug-15 15:26:05.311 [Actor Thread 119] DEBUG nextflow.processor.TaskProcessor - Handling unexpected condition for
  task: name=NFCORE_NEISSFLOW:NEISSFLOW:PHYLOGENY:SNPDISTS; work-dir=null
  error [java.lang.InterruptedException]: java.lang.InterruptedException
Aug-15 15:26:05.315 [main] INFO  nextflow.Nextflow - -[0;35m[neissflow/main.nf][0;31m Pipeline completed with errors[0m-
Aug-15 15:26:05.318 [main] WARN  n.processor.TaskPollingMonitor - Killing running tasks (2)
Aug-15 15:26:05.318 [Actor Thread 120] DEBUG nextflow.sort.BigSort - Sort completed -- entries: 17; slices: 1; internal sort time: 0.006 s; external sort time: 0.002 s; total time: 0.008 s
Aug-15 15:26:05.319 [Actor Thread 120] DEBUG nextflow.file.FileCollector - >> temp file exists? false
Aug-15 15:26:05.319 [Actor Thread 120] DEBUG nextflow.file.FileCollector - Missed collect-file cache -- cause: java.nio.file.NoSuchFileException: /home/cdcadmin/neissflow/work/collect-file/85c1ef27f3e4306f67c85d0b1d275afa
Aug-15 15:26:05.322 [Actor Thread 120] DEBUG nextflow.file.FileCollector - Saved collect-files list to: /home/cdcadmin/neissflow/work/collect-file/85c1ef27f3e4306f67c85d0b1d275afa
Aug-15 15:26:05.323 [Actor Thread 120] DEBUG nextflow.file.FileCollector - Deleting file collector temp dir: /tmp/nxf-3776323041183644742
Aug-15 15:26:05.331 [main] DEBUG n.trace.WorkflowStatsObserver - Workflow completed > WorkflowStats[succeededCount=7; failedCount=0; ignoredCount=0; cachedCount=28; pendingCount=3; submittedCount=2; runningCount=-2; retriesCount=0; abortedCount=2; succeedDuration=2.7s; failedDuration=0ms; cachedDuration=1h 59s;loadCpus=-4; loadMemory=0; peakRunning=2; peakCpus=4; peakMemory=24 GB; ]
Aug-15 15:26:05.331 [main] DEBUG nextflow.trace.TraceFileObserver - Workflow completed -- saving trace file
Aug-15 15:26:05.332 [main] DEBUG nextflow.trace.ReportObserver - Workflow completed -- rendering execution report
Aug-15 15:26:05.860 [main] DEBUG nextflow.trace.TimelineObserver - Workflow completed -- rendering execution timeline
Aug-15 15:26:05.922 [main] DEBUG nextflow.cache.CacheDB - Closing CacheDB done
Aug-15 15:26:05.940 [main] INFO  org.pf4j.AbstractPluginManager - Stop plugin 'nf-validation@1.1.4'
Aug-15 15:26:05.940 [main] DEBUG nextflow.plugin.BasePlugin - Plugin stopped nf-validation
Aug-15 15:26:05.942 [main] DEBUG nextflow.script.ScriptRunner - > Execution complete -- Goodbye
